#
# A fatal error has been detected by the Java Runtime Environment:
#
#  SIGSEGV (0xb) at pc=0x00000001046b091c, pid=81464, tid=19459
#
# JRE version: Java(TM) SE Runtime Environment (9.0+11) (build 9.0.4+11)
# Java VM: Java HotSpot(TM) 64-Bit Server VM (9.0.4+11, mixed mode, tiered, compressed oops, g1 gc, bsd-amd64)
# Problematic frame:
# V  [libjvm.dylib+0x21d91c]
#
# No core dump will be written. Core dumps have been disabled. To enable core dumping, try "ulimit -c unlimited" before starting Java again
#
# If you would like to submit a bug report, please visit:
#   http://bugreport.java.com/bugreport/crash.jsp
#

---------------  S U M M A R Y ------------

Command Line: -agentlib:jdwp=transport=dt_socket,address=127.0.0.1:62001,suspend=y,server=n -javaagent:/Users/sijiagao/Library/Caches/IntelliJIdea2018.1/captureAgent/debugger-agent.jar=file:/private/var/folders/z_/4z8czw2x229cn649kgnj7jz80000gn/T/capture.props -Dfile.encoding=ISO-8859-1 Tester

Host: MacBookPro11,1 x86_64 2600 MHz, 4 cores, 8G, Darwin 18.2.0
Time: Wed Nov 28 13:48:22 2018 PST elapsed time: 74 seconds (0d 0h 1m 14s)

---------------  T H R E A D  ---------------

Current thread (0x00007fc3a7006800):  VMThread "VM Thread" [stack: 0x000070000a313000,0x000070000a413000] [id=19459]

Stack: [0x000070000a313000,0x000070000a413000],  sp=0x000070000a412100,  free space=1020k
Native frames: (J=compiled Java code, A=aot compiled Java code, j=interpreted, Vv=VM code, C=native code)
V  [libjvm.dylib+0x21d91c]
V  [libjvm.dylib+0x6fef75]
V  [libjvm.dylib+0x21d615]
V  [libjvm.dylib+0xf7f10]
V  [libjvm.dylib+0x387d54]
V  [libjvm.dylib+0x3a4000]
V  [libjvm.dylib+0x3a424f]
V  [libjvm.dylib+0x2e2621]
V  [libjvm.dylib+0x2e2dcc]
V  [libjvm.dylib+0x34feec]
V  [libjvm.dylib+0x350282]
V  [libjvm.dylib+0x3500b9]
V  [libjvm.dylib+0x352617]
V  [libjvm.dylib+0x5e8c48]
V  [libjvm.dylib+0x5e93ac]
V  [libjvm.dylib+0x5e9a7b]
V  [libjvm.dylib+0x5e98a7]
V  [libjvm.dylib+0x5b2be7]
V  [libjvm.dylib+0x4a7431]
V  [libjvm.dylib+0x747827]
V  [libjvm.dylib+0x746e9c]
V  [libjvm.dylib+0x746b8e]
V  [libjvm.dylib+0x7467b9]
V  [libjvm.dylib+0x5f02f3]
C  [libsystem_pthread.dylib+0x3339]  _pthread_body+0x7e
C  [libsystem_pthread.dylib+0x62a7]  _pthread_start+0x46
C  [libsystem_pthread.dylib+0x2445]  thread_start+0xd


siginfo: si_signo: 11 (SIGSEGV), si_code: 0 (unknown), si_addr: 0x0000000000000000

Register to memory mapping:

RAX=0x0000000104dc3519: UseCompressedClassPointers+0 in /Library/Java/JavaVirtualMachines/jdk-9.0.4.jdk/Contents/Home/lib/server/libjvm.dylib at 0x0000000104493000
RBX=0x000000000000008c is an unknown value
RCX=0x0000000000000000 is an unknown value
RDX=0x0000000000000002 is an unknown value
RSP=0x000070000a412100 is an unknown value
RBP=0x000070000a412150 is an unknown value
RSI=0x0000000000000002 is an unknown value
RDI=0x000070000a412100 is an unknown value
R8 =0x000000000000006e is an unknown value
R9 =0x0000000000000000 is an unknown value
R10=0x0000000000000000 is an unknown value
R11=0xfffff03c644d5378 is an unknown value
R12=0x0000000104d7ede0: MinObjAlignment+0 in /Library/Java/JavaVirtualMachines/jdk-9.0.4.jdk/Contents/Home/lib/server/libjvm.dylib at 0x0000000104493000
R13=0x00007fc3a680e200 is an unknown value
R14=0x0102010201020102 is an unknown value
R15=0x0000000104defc90: _ZN8Universe14_collectedHeapE+0 in /Library/Java/JavaVirtualMachines/jdk-9.0.4.jdk/Contents/Home/lib/server/libjvm.dylib at 0x0000000104493000


Registers:
RAX=0x0000000104dc3519, RBX=0x000000000000008c, RCX=0x0000000000000000, RDX=0x0000000000000002
RSP=0x000070000a412100, RBP=0x000070000a412150, RSI=0x0000000000000002, RDI=0x000070000a412100
R8 =0x000000000000006e, R9 =0x0000000000000000, R10=0x0000000000000000, R11=0xfffff03c644d5378
R12=0x0000000104d7ede0, R13=0x00007fc3a680e200, R14=0x0102010201020102, R15=0x0000000104defc90
RIP=0x00000001046b091c, EFLAGS=0x0000000000010202, ERR=0x0000000000000000
  TRAPNO=0x000000000000000d

Top of Stack: (sp=0x000070000a412100)
0x000070000a412100:   00007fc3a7006800 00007fc3a5d129b0
0x000070000a412110:   00007fc3a5d129f0 00007fc3a5d12a00
0x000070000a412120:   00007fc3a5d12ad8 00000000000000d8
0x000070000a412130:   000070000a412958 00000001ffff0208
0x000070000a412140:   00007fc3a7006858 0000000000000001
0x000070000a412150:   000070000a412170 0000000104b91f75
0x000070000a412160:   0000000000010000 00007fc3a7006858
0x000070000a412170:   000070000a4121c0 00000001046b0615
0x000070000a412180:   00000007c00016d0 0000000000000003
0x000070000a412190:   00007fc3a7006858 0102010201020102
0x000070000a4121a0:   0000000000000003 00000007c00016d0
0x000070000a4121b0:   00007fc3a7006800 00000007c00016d0
0x000070000a4121c0:   000070000a412200 000000010458af10
0x000070000a4121d0:   0000000032aaaba2 0000000000000000
0x000070000a4121e0:   0000000000000003 0000000000000003
0x000070000a4121f0:   0000000000000000 00007fc3a7006800
0x000070000a412200:   000070000a412260 000000010481ad54
0x000070000a412210:   000070000a412203 0000000000000000
0x000070000a412220:   0000000000000000 0000000000000000
0x000070000a412230:   0000000000000000 00007fc3a7006800
0x000070000a412240:   000000000000004c 0000000000000000
0x000070000a412250:   000070000a4124b0 0000000000000001
0x000070000a412260:   000070000a4122a0 0000000104837000
0x000070000a412270:   0000000104d7f501 00007fc3a7006800
0x000070000a412280:   0000000000000000 0000000000000000
0x000070000a412290:   000070000a4124b0 000000000000004c
0x000070000a4122a0:   000070000a4122e0 000000010483724f
0x000070000a4122b0:   000070000a4124b0 000132d056a6007b
0x000070000a4122c0:   0000000000000000 00007fc3a7006800
0x000070000a4122d0:   0000000000000000 000070000a4124b0
0x000070000a4122e0:   000070000a4123d0 0000000104775621
0x000070000a4122f0:   b32832d056a6007b 000070000a4124b0 

Instructions: (pc=0x00000001046b091c)
0x00000001046b08fc:   85 d2 74 75 48 8b 8a b0 00 00 00 48 89 4d e8 eb
0x00000001046b090c:   70 84 c9 0f 94 c1 0f b6 c9 8d 51 02 29 d3 01 db
0x00000001046b091c:   41 89 5c 8e 0c 48 8d 0d e0 f0 73 00 48 8b 11 48
0x00000001046b092c:   8d 0d d8 e7 6c 00 80 39 00 74 12 48 85 d2 74 0d 

VM_Operation (0x000070000ad2da08): GetOrSetLocal, mode: safepoint, requested by thread 0x00007fc3a605c000


---------------  P R O C E S S  ---------------

Java Threads: ( => current thread )
  0x00007fc3a605d000 JavaThread "Service Thread" daemon [_thread_blocked, id=23555, stack(0x000070000af37000,0x000070000b037000)]
  0x00007fc3a68a8800 JavaThread "JDWP Command Reader" daemon [_thread_in_native, id=23299, stack(0x000070000ae34000,0x000070000af34000)]
  0x00007fc3a7087800 JavaThread "JDWP Event Helper Thread" daemon [_thread_blocked, id=22787, stack(0x000070000ad31000,0x000070000ae31000)]
  0x00007fc3a605c000 JavaThread "JDWP Transport Listener: dt_socket" daemon [_thread_blocked, id=41735, stack(0x000070000ac2e000,0x000070000ad2e000)]
  0x00007fc3a6029800 JavaThread "Common-Cleaner" daemon [_thread_blocked, id=22531, stack(0x000070000ab2b000,0x000070000ac2b000)]
  0x00007fc3a687a000 JavaThread "Sweeper thread" daemon [_thread_blocked, id=22275, stack(0x000070000aa28000,0x000070000ab28000)]
  0x00007fc3a6879000 JavaThread "C1 CompilerThread2" daemon [_thread_blocked, id=42755, stack(0x000070000a925000,0x000070000aa25000)]
  0x00007fc3a783f000 JavaThread "C2 CompilerThread1" daemon [_thread_blocked, id=22019, stack(0x000070000a822000,0x000070000a922000)]
  0x00007fc3a6878000 JavaThread "C2 CompilerThread0" daemon [_thread_blocked, id=21763, stack(0x000070000a71f000,0x000070000a81f000)]
  0x00007fc3a7060800 JavaThread "Signal Dispatcher" daemon [_thread_blocked, id=17667, stack(0x000070000a61c000,0x000070000a71c000)]
  0x00007fc3a6012800 JavaThread "Finalizer" daemon [_thread_blocked, id=15363, stack(0x000070000a519000,0x000070000a619000)]
  0x00007fc3a6003800 JavaThread "Reference Handler" daemon [_thread_blocked, id=15107, stack(0x000070000a416000,0x000070000a516000)]
  0x00007fc3a6000800 JavaThread "main" [_thread_blocked, id=5891, stack(0x00007000096ef000,0x00007000097ef000)]

Other Threads:
=>0x00007fc3a7006800 VMThread "VM Thread" [stack: 0x000070000a313000,0x000070000a413000] [id=19459]
  0x00007fc3a70d6800 WatcherThread [stack: 0x000070000b03a000,0x000070000b13a000] [id=23811]
  0x00007fc3a6813800 GCTaskThread "GC Thread#0" [stack: 0x00007000097f2000,0x00007000098f2000] [id=11011]
  0x00007fc3a6814000 GCTaskThread "GC Thread#1" [stack: 0x00007000098f5000,0x00007000099f5000] [id=21507]
  0x00007fc3a6814800 GCTaskThread "GC Thread#2" [stack: 0x00007000099f8000,0x0000700009af8000] [id=21251]
  0x00007fc3a6815000 GCTaskThread "GC Thread#3" [stack: 0x0000700009afb000,0x0000700009bfb000] [id=20739]
  0x00007fc3a7030000 ConcurrentGCThread "G1 Main Marker" [stack: 0x000070000a10d000,0x000070000a20d000] [id=14083]
  0x00007fc3a7806000 ConcurrentGCThread "G1 Marker#0" [stack: 0x000070000a210000,0x000070000a310000] [id=19715]
  0x00007fc3a7008000 ConcurrentGCThread "G1 Refine#0" [stack: 0x0000700009f07000,0x000070000a007000] [id=13059]
  0x00007fc3a7007800 ConcurrentGCThread "G1 Refine#1" [stack: 0x0000700009e04000,0x0000700009f04000] [id=12547]
  0x00007fc3a6816800 ConcurrentGCThread "G1 Refine#2" [stack: 0x0000700009d01000,0x0000700009e01000] [id=12291]
  0x00007fc3a6816000 ConcurrentGCThread "G1 Refine#3" [stack: 0x0000700009bfe000,0x0000700009cfe000] [id=20483]
  0x00007fc3a7009000 ConcurrentGCThread "G1 Young RemSet Sampling" [stack: 0x000070000a00a000,0x000070000a10a000] [id=13571]

Threads with active compile tasks:

VM state:at safepoint (normal execution)

VM Mutex/Monitor currently owned by a thread:  ([mutex/lock_event])
[0x00007fc3a5e02ba0] Threads_lock - owner thread: 0x00007fc3a7006800

Heap address: 0x0000000740000000, size: 2048 MB, Compressed Oops mode: Zero based, Oop shift amount: 3
Narrow klass base: 0x0000000000000000, Narrow klass shift: 3
Compressed class space size: 1073741824 Address: 0x00000007c0000000

Heap:
 garbage-first heap   total 131072K, used 5120K [0x0000000740000000, 0x0000000740100400, 0x00000007c0000000)
  region size 1024K, 6 young (6144K), 0 survivors (0K)
 Metaspace       used 6839K, capacity 7036K, committed 7168K, reserved 1056768K
  class space    used 598K, capacity 653K, committed 768K, reserved 1048576K
Heap Regions: E=young(eden), S=young(survivor), O=old, HS=humongous(starts), HC=humongous(continues), CS=collection set, F=free, A=archive, TS=gc time stamp, AC=allocation context, TAMS=top-at-mark-start (previous, next)
|   0|0x0000000740000000, 0x0000000740000000, 0x0000000740100000|  0%| F|  |TS  0|AC  0|TAMS 0x0000000740000000, 0x0000000740000000|
|   1|0x0000000740100000, 0x0000000740100000, 0x0000000740200000|  0%| F|  |TS  0|AC  0|TAMS 0x0000000740100000, 0x0000000740100000|
|   2|0x0000000740200000, 0x0000000740200000, 0x0000000740300000|  0%| F|  |TS  0|AC  0|TAMS 0x0000000740200000, 0x0000000740200000|
|   3|0x0000000740300000, 0x0000000740300000, 0x0000000740400000|  0%| F|  |TS  0|AC  0|TAMS 0x0000000740300000, 0x0000000740300000|
|   4|0x0000000740400000, 0x0000000740400000, 0x0000000740500000|  0%| F|  |TS  0|AC  0|TAMS 0x0000000740400000, 0x0000000740400000|
|   5|0x0000000740500000, 0x0000000740500000, 0x0000000740600000|  0%| F|  |TS  0|AC  0|TAMS 0x0000000740500000, 0x0000000740500000|
|   6|0x0000000740600000, 0x0000000740600000, 0x0000000740700000|  0%| F|  |TS  0|AC  0|TAMS 0x0000000740600000, 0x0000000740600000|
|   7|0x0000000740700000, 0x0000000740700000, 0x0000000740800000|  0%| F|  |TS  0|AC  0|TAMS 0x0000000740700000, 0x0000000740700000|
|   8|0x0000000740800000, 0x0000000740800000, 0x0000000740900000|  0%| F|  |TS  0|AC  0|TAMS 0x0000000740800000, 0x0000000740800000|
|   9|0x0000000740900000, 0x0000000740900000, 0x0000000740a00000|  0%| F|  |TS  0|AC  0|TAMS 0x0000000740900000, 0x0000000740900000|
|  10|0x0000000740a00000, 0x0000000740a00000, 0x0000000740b00000|  0%| F|  |TS  0|AC  0|TAMS 0x0000000740a00000, 0x0000000740a00000|
|  11|0x0000000740b00000, 0x0000000740b00000, 0x0000000740c00000|  0%| F|  |TS  0|AC  0|TAMS 0x0000000740b00000, 0x0000000740b00000|
|  12|0x0000000740c00000, 0x0000000740c00000, 0x0000000740d00000|  0%| F|  |TS  0|AC  0|TAMS 0x0000000740c00000, 0x0000000740c00000|
|  13|0x0000000740d00000, 0x0000000740d00000, 0x0000000740e00000|  0%| F|  |TS  0|AC  0|TAMS 0x0000000740d00000, 0x0000000740d00000|
|  14|0x0000000740e00000, 0x0000000740e00000, 0x0000000740f00000|  0%| F|  |TS  0|AC  0|TAMS 0x0000000740e00000, 0x0000000740e00000|
|  15|0x0000000740f00000, 0x0000000740f00000, 0x0000000741000000|  0%| F|  |TS  0|AC  0|TAMS 0x0000000740f00000, 0x0000000740f00000|
|  16|0x0000000741000000, 0x0000000741000000, 0x0000000741100000|  0%| F|  |TS  0|AC  0|TAMS 0x0000000741000000, 0x0000000741000000|
|  17|0x0000000741100000, 0x0000000741100000, 0x0000000741200000|  0%| F|  |TS  0|AC  0|TAMS 0x0000000741100000, 0x0000000741100000|
|  18|0x0000000741200000, 0x0000000741200000, 0x0000000741300000|  0%| F|  |TS  0|AC  0|TAMS 0x0000000741200000, 0x0000000741200000|
|  19|0x0000000741300000, 0x0000000741300000, 0x0000000741400000|  0%| F|  |TS  0|AC  0|TAMS 0x0000000741300000, 0x0000000741300000|
|  20|0x0000000741400000, 0x0000000741400000, 0x0000000741500000|  0%| F|  |TS  0|AC  0|TAMS 0x0000000741400000, 0x0000000741400000|
|  21|0x0000000741500000, 0x0000000741500000, 0x0000000741600000|  0%| F|  |TS  0|AC  0|TAMS 0x0000000741500000, 0x0000000741500000|
|  22|0x0000000741600000, 0x0000000741600000, 0x0000000741700000|  0%| F|  |TS  0|AC  0|TAMS 0x0000000741600000, 0x0000000741600000|
|  23|0x0000000741700000, 0x0000000741700000, 0x0000000741800000|  0%| F|  |TS  0|AC  0|TAMS 0x0000000741700000, 0x0000000741700000|
|  24|0x0000000741800000, 0x0000000741800000, 0x0000000741900000|  0%| F|  |TS  0|AC  0|TAMS 0x0000000741800000, 0x0000000741800000|
|  25|0x0000000741900000, 0x0000000741900000, 0x0000000741a00000|  0%| F|  |TS  0|AC  0|TAMS 0x0000000741900000, 0x0000000741900000|
|  26|0x0000000741a00000, 0x0000000741a00000, 0x0000000741b00000|  0%| F|  |TS  0|AC  0|TAMS 0x0000000741a00000, 0x0000000741a00000|
|  27|0x0000000741b00000, 0x0000000741b00000, 0x0000000741c00000|  0%| F|  |TS  0|AC  0|TAMS 0x0000000741b00000, 0x0000000741b00000|
|  28|0x0000000741c00000, 0x0000000741c00000, 0x0000000741d00000|  0%| F|  |TS  0|AC  0|TAMS 0x0000000741c00000, 0x0000000741c00000|
|  29|0x0000000741d00000, 0x0000000741d00000, 0x0000000741e00000|  0%| F|  |TS  0|AC  0|TAMS 0x0000000741d00000, 0x0000000741d00000|
|  30|0x0000000741e00000, 0x0000000741e00000, 0x0000000741f00000|  0%| F|  |TS  0|AC  0|TAMS 0x0000000741e00000, 0x0000000741e00000|
|  31|0x0000000741f00000, 0x0000000741f00000, 0x0000000742000000|  0%| F|  |TS  0|AC  0|TAMS 0x0000000741f00000, 0x0000000741f00000|
|  32|0x0000000742000000, 0x0000000742000000, 0x0000000742100000|  0%| F|  |TS  0|AC  0|TAMS 0x0000000742000000, 0x0000000742000000|
|  33|0x0000000742100000, 0x0000000742100000, 0x0000000742200000|  0%| F|  |TS  0|AC  0|TAMS 0x0000000742100000, 0x0000000742100000|
|  34|0x0000000742200000, 0x0000000742200000, 0x0000000742300000|  0%| F|  |TS  0|AC  0|TAMS 0x0000000742200000, 0x0000000742200000|
|  35|0x0000000742300000, 0x0000000742300000, 0x0000000742400000|  0%| F|  |TS  0|AC  0|TAMS 0x0000000742300000, 0x0000000742300000|
|  36|0x0000000742400000, 0x0000000742400000, 0x0000000742500000|  0%| F|  |TS  0|AC  0|TAMS 0x0000000742400000, 0x0000000742400000|
|  37|0x0000000742500000, 0x0000000742500000, 0x0000000742600000|  0%| F|  |TS  0|AC  0|TAMS 0x0000000742500000, 0x0000000742500000|
|  38|0x0000000742600000, 0x0000000742600000, 0x0000000742700000|  0%| F|  |TS  0|AC  0|TAMS 0x0000000742600000, 0x0000000742600000|
|  39|0x0000000742700000, 0x0000000742700000, 0x0000000742800000|  0%| F|  |TS  0|AC  0|TAMS 0x0000000742700000, 0x0000000742700000|
|  40|0x0000000742800000, 0x0000000742800000, 0x0000000742900000|  0%| F|  |TS  0|AC  0|TAMS 0x0000000742800000, 0x0000000742800000|
|  41|0x0000000742900000, 0x0000000742900000, 0x0000000742a00000|  0%| F|  |TS  0|AC  0|TAMS 0x0000000742900000, 0x0000000742900000|
|  42|0x0000000742a00000, 0x0000000742a00000, 0x0000000742b00000|  0%| F|  |TS  0|AC  0|TAMS 0x0000000742a00000, 0x0000000742a00000|
|  43|0x0000000742b00000, 0x0000000742b00000, 0x0000000742c00000|  0%| F|  |TS  0|AC  0|TAMS 0x0000000742b00000, 0x0000000742b00000|
|  44|0x0000000742c00000, 0x0000000742c00000, 0x0000000742d00000|  0%| F|  |TS  0|AC  0|TAMS 0x0000000742c00000, 0x0000000742c00000|
|  45|0x0000000742d00000, 0x0000000742d00000, 0x0000000742e00000|  0%| F|  |TS  0|AC  0|TAMS 0x0000000742d00000, 0x0000000742d00000|
|  46|0x0000000742e00000, 0x0000000742e00000, 0x0000000742f00000|  0%| F|  |TS  0|AC  0|TAMS 0x0000000742e00000, 0x0000000742e00000|
|  47|0x0000000742f00000, 0x0000000742f00000, 0x0000000743000000|  0%| F|  |TS  0|AC  0|TAMS 0x0000000742f00000, 0x0000000742f00000|
|  48|0x0000000743000000, 0x0000000743000000, 0x0000000743100000|  0%| F|  |TS  0|AC  0|TAMS 0x0000000743000000, 0x0000000743000000|
|  49|0x0000000743100000, 0x0000000743100000, 0x0000000743200000|  0%| F|  |TS  0|AC  0|TAMS 0x0000000743100000, 0x0000000743100000|
|  50|0x0000000743200000, 0x0000000743200000, 0x0000000743300000|  0%| F|  |TS  0|AC  0|TAMS 0x0000000743200000, 0x0000000743200000|
|  51|0x0000000743300000, 0x0000000743300000, 0x0000000743400000|  0%| F|  |TS  0|AC  0|TAMS 0x0000000743300000, 0x0000000743300000|
|  52|0x0000000743400000, 0x0000000743400000, 0x0000000743500000|  0%| F|  |TS  0|AC  0|TAMS 0x0000000743400000, 0x0000000743400000|
|  53|0x0000000743500000, 0x0000000743500000, 0x0000000743600000|  0%| F|  |TS  0|AC  0|TAMS 0x0000000743500000, 0x0000000743500000|
|  54|0x0000000743600000, 0x0000000743600000, 0x0000000743700000|  0%| F|  |TS  0|AC  0|TAMS 0x0000000743600000, 0x0000000743600000|
|  55|0x0000000743700000, 0x0000000743700000, 0x0000000743800000|  0%| F|  |TS  0|AC  0|TAMS 0x0000000743700000, 0x0000000743700000|
|  56|0x0000000743800000, 0x0000000743800000, 0x0000000743900000|  0%| F|  |TS  0|AC  0|TAMS 0x0000000743800000, 0x0000000743800000|
|  57|0x0000000743900000, 0x0000000743900000, 0x0000000743a00000|  0%| F|  |TS  0|AC  0|TAMS 0x0000000743900000, 0x0000000743900000|
|  58|0x0000000743a00000, 0x0000000743a00000, 0x0000000743b00000|  0%| F|  |TS  0|AC  0|TAMS 0x0000000743a00000, 0x0000000743a00000|
|  59|0x0000000743b00000, 0x0000000743b00000, 0x0000000743c00000|  0%| F|  |TS  0|AC  0|TAMS 0x0000000743b00000, 0x0000000743b00000|
|  60|0x0000000743c00000, 0x0000000743c00000, 0x0000000743d00000|  0%| F|  |TS  0|AC  0|TAMS 0x0000000743c00000, 0x0000000743c00000|
|  61|0x0000000743d00000, 0x0000000743d00000, 0x0000000743e00000|  0%| F|  |TS  0|AC  0|TAMS 0x0000000743d00000, 0x0000000743d00000|
|  62|0x0000000743e00000, 0x0000000743e00000, 0x0000000743f00000|  0%| F|  |TS  0|AC  0|TAMS 0x0000000743e00000, 0x0000000743e00000|
|  63|0x0000000743f00000, 0x0000000743f00000, 0x0000000744000000|  0%| F|  |TS  0|AC  0|TAMS 0x0000000743f00000, 0x0000000743f00000|
|  64|0x0000000744000000, 0x0000000744000000, 0x0000000744100000|  0%| F|  |TS  0|AC  0|TAMS 0x0000000744000000, 0x0000000744000000|
|  65|0x0000000744100000, 0x0000000744100000, 0x0000000744200000|  0%| F|  |TS  0|AC  0|TAMS 0x0000000744100000, 0x0000000744100000|
|  66|0x0000000744200000, 0x0000000744200000, 0x0000000744300000|  0%| F|  |TS  0|AC  0|TAMS 0x0000000744200000, 0x0000000744200000|
|  67|0x0000000744300000, 0x0000000744300000, 0x0000000744400000|  0%| F|  |TS  0|AC  0|TAMS 0x0000000744300000, 0x0000000744300000|
|  68|0x0000000744400000, 0x0000000744400000, 0x0000000744500000|  0%| F|  |TS  0|AC  0|TAMS 0x0000000744400000, 0x0000000744400000|
|  69|0x0000000744500000, 0x0000000744500000, 0x0000000744600000|  0%| F|  |TS  0|AC  0|TAMS 0x0000000744500000, 0x0000000744500000|
|  70|0x0000000744600000, 0x0000000744600000, 0x0000000744700000|  0%| F|  |TS  0|AC  0|TAMS 0x0000000744600000, 0x0000000744600000|
|  71|0x0000000744700000, 0x0000000744700000, 0x0000000744800000|  0%| F|  |TS  0|AC  0|TAMS 0x0000000744700000, 0x0000000744700000|
|  72|0x0000000744800000, 0x0000000744800000, 0x0000000744900000|  0%| F|  |TS  0|AC  0|TAMS 0x0000000744800000, 0x0000000744800000|
|  73|0x0000000744900000, 0x0000000744900000, 0x0000000744a00000|  0%| F|  |TS  0|AC  0|TAMS 0x0000000744900000, 0x0000000744900000|
|  74|0x0000000744a00000, 0x0000000744a00000, 0x0000000744b00000|  0%| F|  |TS  0|AC  0|TAMS 0x0000000744a00000, 0x0000000744a00000|
|  75|0x0000000744b00000, 0x0000000744b00000, 0x0000000744c00000|  0%| F|  |TS  0|AC  0|TAMS 0x0000000744b00000, 0x0000000744b00000|
|  76|0x0000000744c00000, 0x0000000744c00000, 0x0000000744d00000|  0%| F|  |TS  0|AC  0|TAMS 0x0000000744c00000, 0x0000000744c00000|
|  77|0x0000000744d00000, 0x0000000744d00000, 0x0000000744e00000|  0%| F|  |TS  0|AC  0|TAMS 0x0000000744d00000, 0x0000000744d00000|
|  78|0x0000000744e00000, 0x0000000744e00000, 0x0000000744f00000|  0%| F|  |TS  0|AC  0|TAMS 0x0000000744e00000, 0x0000000744e00000|
|  79|0x0000000744f00000, 0x0000000744f00000, 0x0000000745000000|  0%| F|  |TS  0|AC  0|TAMS 0x0000000744f00000, 0x0000000744f00000|
|  80|0x0000000745000000, 0x0000000745000000, 0x0000000745100000|  0%| F|  |TS  0|AC  0|TAMS 0x0000000745000000, 0x0000000745000000|
|  81|0x0000000745100000, 0x0000000745100000, 0x0000000745200000|  0%| F|  |TS  0|AC  0|TAMS 0x0000000745100000, 0x0000000745100000|
|  82|0x0000000745200000, 0x0000000745200000, 0x0000000745300000|  0%| F|  |TS  0|AC  0|TAMS 0x0000000745200000, 0x0000000745200000|
|  83|0x0000000745300000, 0x0000000745300000, 0x0000000745400000|  0%| F|  |TS  0|AC  0|TAMS 0x0000000745300000, 0x0000000745300000|
|  84|0x0000000745400000, 0x0000000745400000, 0x0000000745500000|  0%| F|  |TS  0|AC  0|TAMS 0x0000000745400000, 0x0000000745400000|
|  85|0x0000000745500000, 0x0000000745500000, 0x0000000745600000|  0%| F|  |TS  0|AC  0|TAMS 0x0000000745500000, 0x0000000745500000|
|  86|0x0000000745600000, 0x0000000745600000, 0x0000000745700000|  0%| F|  |TS  0|AC  0|TAMS 0x0000000745600000, 0x0000000745600000|
|  87|0x0000000745700000, 0x0000000745700000, 0x0000000745800000|  0%| F|  |TS  0|AC  0|TAMS 0x0000000745700000, 0x0000000745700000|
|  88|0x0000000745800000, 0x0000000745800000, 0x0000000745900000|  0%| F|  |TS  0|AC  0|TAMS 0x0000000745800000, 0x0000000745800000|
|  89|0x0000000745900000, 0x0000000745900000, 0x0000000745a00000|  0%| F|  |TS  0|AC  0|TAMS 0x0000000745900000, 0x0000000745900000|
|  90|0x0000000745a00000, 0x0000000745a00000, 0x0000000745b00000|  0%| F|  |TS  0|AC  0|TAMS 0x0000000745a00000, 0x0000000745a00000|
|  91|0x0000000745b00000, 0x0000000745b00000, 0x0000000745c00000|  0%| F|  |TS  0|AC  0|TAMS 0x0000000745b00000, 0x0000000745b00000|
|  92|0x0000000745c00000, 0x0000000745c00000, 0x0000000745d00000|  0%| F|  |TS  0|AC  0|TAMS 0x0000000745c00000, 0x0000000745c00000|
|  93|0x0000000745d00000, 0x0000000745d00000, 0x0000000745e00000|  0%| F|  |TS  0|AC  0|TAMS 0x0000000745d00000, 0x0000000745d00000|
|  94|0x0000000745e00000, 0x0000000745e00000, 0x0000000745f00000|  0%| F|  |TS  0|AC  0|TAMS 0x0000000745e00000, 0x0000000745e00000|
|  95|0x0000000745f00000, 0x0000000745f00000, 0x0000000746000000|  0%| F|  |TS  0|AC  0|TAMS 0x0000000745f00000, 0x0000000745f00000|
|  96|0x0000000746000000, 0x0000000746000000, 0x0000000746100000|  0%| F|  |TS  0|AC  0|TAMS 0x0000000746000000, 0x0000000746000000|
|  97|0x0000000746100000, 0x0000000746100000, 0x0000000746200000|  0%| F|  |TS  0|AC  0|TAMS 0x0000000746100000, 0x0000000746100000|
|  98|0x0000000746200000, 0x0000000746200000, 0x0000000746300000|  0%| F|  |TS  0|AC  0|TAMS 0x0000000746200000, 0x0000000746200000|
|  99|0x0000000746300000, 0x0000000746300000, 0x0000000746400000|  0%| F|  |TS  0|AC  0|TAMS 0x0000000746300000, 0x0000000746300000|
| 100|0x0000000746400000, 0x0000000746400000, 0x0000000746500000|  0%| F|  |TS  0|AC  0|TAMS 0x0000000746400000, 0x0000000746400000|
| 101|0x0000000746500000, 0x0000000746500000, 0x0000000746600000|  0%| F|  |TS  0|AC  0|TAMS 0x0000000746500000, 0x0000000746500000|
| 102|0x0000000746600000, 0x0000000746600000, 0x0000000746700000|  0%| F|  |TS  0|AC  0|TAMS 0x0000000746600000, 0x0000000746600000|
| 103|0x0000000746700000, 0x0000000746700000, 0x0000000746800000|  0%| F|  |TS  0|AC  0|TAMS 0x0000000746700000, 0x0000000746700000|
| 104|0x0000000746800000, 0x0000000746800000, 0x0000000746900000|  0%| F|  |TS  0|AC  0|TAMS 0x0000000746800000, 0x0000000746800000|
| 105|0x0000000746900000, 0x0000000746900000, 0x0000000746a00000|  0%| F|  |TS  0|AC  0|TAMS 0x0000000746900000, 0x0000000746900000|
| 106|0x0000000746a00000, 0x0000000746a00000, 0x0000000746b00000|  0%| F|  |TS  0|AC  0|TAMS 0x0000000746a00000, 0x0000000746a00000|
| 107|0x0000000746b00000, 0x0000000746b00000, 0x0000000746c00000|  0%| F|  |TS  0|AC  0|TAMS 0x0000000746b00000, 0x0000000746b00000|
| 108|0x0000000746c00000, 0x0000000746c00000, 0x0000000746d00000|  0%| F|  |TS  0|AC  0|TAMS 0x0000000746c00000, 0x0000000746c00000|
| 109|0x0000000746d00000, 0x0000000746d00000, 0x0000000746e00000|  0%| F|  |TS  0|AC  0|TAMS 0x0000000746d00000, 0x0000000746d00000|
| 110|0x0000000746e00000, 0x0000000746e00000, 0x0000000746f00000|  0%| F|  |TS  0|AC  0|TAMS 0x0000000746e00000, 0x0000000746e00000|
| 111|0x0000000746f00000, 0x0000000746f00000, 0x0000000747000000|  0%| F|  |TS  0|AC  0|TAMS 0x0000000746f00000, 0x0000000746f00000|
| 112|0x0000000747000000, 0x0000000747000000, 0x0000000747100000|  0%| F|  |TS  0|AC  0|TAMS 0x0000000747000000, 0x0000000747000000|
| 113|0x0000000747100000, 0x0000000747100000, 0x0000000747200000|  0%| F|  |TS  0|AC  0|TAMS 0x0000000747100000, 0x0000000747100000|
| 114|0x0000000747200000, 0x0000000747200000, 0x0000000747300000|  0%| F|  |TS  0|AC  0|TAMS 0x0000000747200000, 0x0000000747200000|
| 115|0x0000000747300000, 0x0000000747300000, 0x0000000747400000|  0%| F|  |TS  0|AC  0|TAMS 0x0000000747300000, 0x0000000747300000|
| 116|0x0000000747400000, 0x0000000747400000, 0x0000000747500000|  0%| F|  |TS  0|AC  0|TAMS 0x0000000747400000, 0x0000000747400000|
| 117|0x0000000747500000, 0x0000000747500000, 0x0000000747600000|  0%| F|  |TS  0|AC  0|TAMS 0x0000000747500000, 0x0000000747500000|
| 118|0x0000000747600000, 0x0000000747600000, 0x0000000747700000|  0%| F|  |TS  0|AC  0|TAMS 0x0000000747600000, 0x0000000747600000|
| 119|0x0000000747700000, 0x0000000747700000, 0x0000000747800000|  0%| F|  |TS  0|AC  0|TAMS 0x0000000747700000, 0x0000000747700000|
| 120|0x0000000747800000, 0x0000000747800000, 0x0000000747900000|  0%| F|  |TS  0|AC  0|TAMS 0x0000000747800000, 0x0000000747800000|
| 121|0x0000000747900000, 0x0000000747900000, 0x0000000747a00000|  0%| F|  |TS  0|AC  0|TAMS 0x0000000747900000, 0x0000000747900000|
| 122|0x0000000747a00000, 0x0000000747a48530, 0x0000000747b00000| 28%| E|  |TS  0|AC  0|TAMS 0x0000000747a00000, 0x0000000747a00000|
| 123|0x0000000747b00000, 0x0000000747c00000, 0x0000000747c00000|100%| E|CS|TS  0|AC  0|TAMS 0x0000000747b00000, 0x0000000747b00000|
| 124|0x0000000747c00000, 0x0000000747d00000, 0x0000000747d00000|100%| E|CS|TS  0|AC  0|TAMS 0x0000000747c00000, 0x0000000747c00000|
| 125|0x0000000747d00000, 0x0000000747e00000, 0x0000000747e00000|100%| E|CS|TS  0|AC  0|TAMS 0x0000000747d00000, 0x0000000747d00000|
| 126|0x0000000747e00000, 0x0000000747f00000, 0x0000000747f00000|100%| E|CS|TS  0|AC  0|TAMS 0x0000000747e00000, 0x0000000747e00000|
| 127|0x0000000747f00000, 0x0000000748000000, 0x0000000748000000|100%| E|CS|TS  0|AC  0|TAMS 0x0000000747f00000, 0x0000000747f00000|

Card table byte_map: [0x0000000106847000,0x0000000106c47000] byte_map_base: 0x0000000102e47000

Marking Bits (Prev, Next): (CMBitMap*) 0x00007fc3a702f470, (CMBitMap*) 0x00007fc3a702f4a8
 Prev Bits: [0x0000000107047000, 0x0000000109047000)
 Next Bits: [0x0000000109047000, 0x000000010b047000)

Polling page: 0x0000000105178000

CodeHeap 'non-profiled nmethods': size=120032Kb used=86Kb max_used=86Kb free=119945Kb
 bounds [0x00000001217ab000, 0x0000000121a1b000, 0x0000000128ce3000]
CodeHeap 'profiled nmethods': size=120032Kb used=378Kb max_used=378Kb free=119653Kb
 bounds [0x000000011a273000, 0x000000011a4e3000, 0x00000001217ab000]
CodeHeap 'non-nmethods': size=5696Kb used=1184Kb max_used=1195Kb free=4511Kb
 bounds [0x0000000119ce3000, 0x0000000119f53000, 0x000000011a273000]
 total_blobs=707 nmethods=292 adapters=257
 compilation: enabled

Compilation events (10 events):
Event: 1.592 Thread 0x00007fc3a6879000  289       3       java.lang.StringUTF16::putChar (54 bytes)
Event: 1.593 Thread 0x00007fc3a6879000 nmethod 289 0x000000011a2d0f10 code [0x000000011a2d10c0, 0x000000011a2d1250]
Event: 10.644 Thread 0x00007fc3a783f000  294       4       java.lang.StringUTF16::getChar (60 bytes)
Event: 10.650 Thread 0x00007fc3a783f000 nmethod 294 0x00000001217bfd90 code [0x00000001217bff20, 0x00000001217bfff8]
Event: 11.146 Thread 0x00007fc3a6878000  295       4       java.lang.StringUTF16::putChar (54 bytes)
Event: 11.152 Thread 0x00007fc3a6878000 nmethod 295 0x00000001217c0110 code [0x00000001217c02a0, 0x00000001217c03b8]
Event: 24.762 Thread 0x00007fc3a6879000  297       3       java.lang.StringUTF16::inflate (42 bytes)
Event: 24.763 Thread 0x00007fc3a6879000 nmethod 297 0x000000011a276510 code [0x000000011a2766e0, 0x000000011a276a48]
Event: 26.063 Thread 0x00007fc3a6879000  298       3       java.lang.StringCoding::encodeUTF8 (434 bytes)
Event: 26.068 Thread 0x00007fc3a6879000 nmethod 298 0x000000011a2d1390 code [0x000000011a2d1620, 0x000000011a2d2788]

GC Heap History (0 events):
No events

Deoptimization events (1 events):
Event: 0.613 Thread 0x00007fc3a6000800 Uncommon trap: reason=unstable_if action=reinterpret pc=0x00000001217b6720 method=java.lang.String.charAt(I)C @ 4 c2

Classes redefined (3 events):
Event: 45.894 Thread 0x00007fc3a7006800 redefined class name=Tester, count=1
Event: 53.803 Thread 0x00007fc3a7006800 redefined class name=Tester, count=2
Event: 73.943 Thread 0x00007fc3a7006800 redefined class name=RedBlackTree, count=1

Internal exceptions (3 events):
Event: 0.533 Thread 0x00007fc3a6000800 Exception <a 'java/lang/NoSuchMethodError'{0x0000000747ceec38}: java.lang.Object.lambda$negate$3(I)Z> (0x0000000747ceec38) thrown at [/scratch/mesos/slaves/450fa0f5-8733-43f8-b866-79fe3e86d200-S756/frameworks/1735e8a2-a1db-478c-8104-60c8b0af87dd-0196/exec
Event: 0.534 Thread 0x00007fc3a6000800 Exception <a 'java/lang/NoSuchMethodError'{0x0000000747cf2090}: java.lang.Object.lambda$and$0(Ljava/util/regex/Pattern$CharPredicate;I)Z> (0x0000000747cf2090) thrown at [/scratch/mesos/slaves/450fa0f5-8733-43f8-b866-79fe3e86d200-S756/frameworks/1735e8a2-a
Event: 3.239 Thread 0x00007fc3a6000800 Exception <a 'java/lang/NoSuchMethodError'{0x0000000747be02d0}: java.lang.Object.lambda$union$2(Ljava/util/regex/Pattern$CharPredicate;I)Z> (0x0000000747be02d0) thrown at [/scratch/mesos/slaves/450fa0f5-8733-43f8-b866-79fe3e86d200-S756/frameworks/1735e8a2

Events (10 events):
Event: 73.945 Executing VM operation: RedefineClasses done
Event: 73.947 Executing VM operation: GetFrameCount
Event: 73.947 Executing VM operation: GetFrameCount done
Event: 73.947 Executing VM operation: GetFrameCount
Event: 73.947 Executing VM operation: GetFrameCount done
Event: 73.947 Executing VM operation: GetFrameLocation
Event: 73.947 Executing VM operation: GetFrameLocation done
Event: 73.996 Executing VM operation: ChangeBreakpoints
Event: 73.997 Executing VM operation: ChangeBreakpoints done
Event: 74.061 Executing VM operation: GetOrSetLocal


Dynamic libraries:
0x00007fff3fba5000 	/System/Library/Frameworks/Cocoa.framework/Versions/A/Cocoa
0x00007fff4be4f000 	/System/Library/Frameworks/Security.framework/Versions/A/Security
0x00007fff3e7af000 	/System/Library/Frameworks/ApplicationServices.framework/Versions/A/ApplicationServices
0x00007fff6d3de000 	/usr/lib/libz.1.dylib
0x00007fff6aa55000 	/usr/lib/libSystem.B.dylib
0x00007fff403c8000 	/System/Library/Frameworks/CoreFoundation.framework/Versions/A/CoreFoundation
0x00007fff4274d000 	/System/Library/Frameworks/Foundation.framework/Versions/C/Foundation
0x00007fff6c4fb000 	/usr/lib/libobjc.A.dylib
0x00007fff3d93d000 	/System/Library/Frameworks/AppKit.framework/Versions/C/AppKit
0x00007fff3ff3c000 	/System/Library/Frameworks/CoreData.framework/Versions/A/CoreData
0x00007fff63c3b000 	/System/Library/PrivateFrameworks/RemoteViewServices.framework/Versions/A/RemoteViewServices
0x00007fff6872a000 	/System/Library/PrivateFrameworks/UIFoundation.framework/Versions/A/UIFoundation
0x00007fff69edc000 	/System/Library/PrivateFrameworks/XCTTargetBootstrap.framework/Versions/A/XCTTargetBootstrap
0x00007fff5e751000 	/System/Library/PrivateFrameworks/IconServices.framework/Versions/A/IconServices
0x00007fff45008000 	/System/Library/Frameworks/Metal.framework/Versions/A/Metal
0x00007fff5595b000 	/System/Library/PrivateFrameworks/DesktopServicesPriv.framework/Versions/A/DesktopServicesPriv
0x00007fff6b80f000 	/usr/lib/libenergytrace.dylib
0x00007fff6649f000 	/System/Library/PrivateFrameworks/SkyLight.framework/Versions/A/SkyLight
0x00007fff40817000 	/System/Library/Frameworks/CoreGraphics.framework/Versions/A/CoreGraphics
0x00007fff3c6f8000 	/System/Library/Frameworks/Accelerate.framework/Versions/A/Accelerate
0x00007fff42ed6000 	/System/Library/Frameworks/IOSurface.framework/Versions/A/IOSurface
0x00007fff557bd000 	/System/Library/PrivateFrameworks/DFRFoundation.framework/Versions/A/DFRFoundation
0x00007fff3ecb4000 	/System/Library/Frameworks/AudioToolbox.framework/Versions/A/AudioToolbox
0x00007fff3ef52000 	/System/Library/Frameworks/AudioUnit.framework/Versions/A/AudioUnit
0x00007fff55854000 	/System/Library/PrivateFrameworks/DataDetectorsCore.framework/Versions/A/DataDetectorsCore
0x00007fff3f691000 	/System/Library/Frameworks/Carbon.framework/Versions/A/Frameworks/HIToolbox.framework/Versions/A/HIToolbox
0x00007fff6b96a000 	/usr/lib/libicucore.A.dylib
0x00007fff4b3a9000 	/System/Library/Frameworks/QuartzCore.framework/Versions/A/QuartzCore
0x00007fff3fa78000 	/System/Library/Frameworks/Carbon.framework/Versions/A/Frameworks/SpeechRecognition.framework/Versions/A/SpeechRecognition
0x00007fff6abb8000 	/usr/lib/libauto.dylib
0x00007fff6d2d1000 	/usr/lib/libxml2.2.dylib
0x00007fff553bc000 	/System/Library/PrivateFrameworks/CoreUI.framework/Versions/A/CoreUI
0x00007fff3fe1a000 	/System/Library/Frameworks/CoreAudio.framework/Versions/A/CoreAudio
0x00007fff4257f000 	/System/Library/Frameworks/DiskArbitration.framework/Versions/A/DiskArbitration
0x00007fff6bc1a000 	/usr/lib/liblangid.dylib
0x00007fff5fbfd000 	/System/Library/PrivateFrameworks/MultitouchSupport.framework/Versions/A/MultitouchSupport
0x00007fff42e42000 	/System/Library/Frameworks/IOKit.framework/Versions/A/IOKit
0x00007fff6a6a3000 	/usr/lib/libDiagnosticMessagesClient.dylib
0x00007fff41685000 	/System/Library/Frameworks/CoreServices.framework/Versions/A/CoreServices
0x00007fff6192c000 	/System/Library/PrivateFrameworks/PerformanceAnalysis.framework/Versions/A/PerformanceAnalysis
0x00007fff4a53e000 	/System/Library/Frameworks/OpenGL.framework/Versions/A/OpenGL
0x00007fff3fbb3000 	/System/Library/Frameworks/ColorSync.framework/Versions/A/ColorSync
0x00007fff40ea6000 	/System/Library/Frameworks/CoreImage.framework/Versions/A/CoreImage
0x00007fff420c8000 	/System/Library/Frameworks/CoreText.framework/Versions/A/CoreText
0x00007fff42f37000 	/System/Library/Frameworks/ImageIO.framework/Versions/A/ImageIO
0x00007fff51a15000 	/System/Library/PrivateFrameworks/Backup.framework/Versions/A/Backup
0x00007fff6ab0b000 	/usr/lib/libarchive.2.dylib
0x00007fff3f2b6000 	/System/Library/Frameworks/CFNetwork.framework/Versions/A/CFNetwork
0x00007fff4c5f8000 	/System/Library/Frameworks/SystemConfiguration.framework/Versions/A/SystemConfiguration
0x00007fff6a5cc000 	/usr/lib/libCRFSuite.dylib
0x00007fff6acaf000 	/usr/lib/libc++.1.dylib
0x00007fff6ad07000 	/usr/lib/libc++abi.dylib
0x00007fff6d461000 	/usr/lib/system/libcache.dylib
0x00007fff6d466000 	/usr/lib/system/libcommonCrypto.dylib
0x00007fff6d471000 	/usr/lib/system/libcompiler_rt.dylib
0x00007fff6d479000 	/usr/lib/system/libcopyfile.dylib
0x00007fff6d483000 	/usr/lib/system/libcorecrypto.dylib
0x00007fff6d58e000 	/usr/lib/system/libdispatch.dylib
0x00007fff6d5c9000 	/usr/lib/system/libdyld.dylib
0x00007fff6d5f9000 	/usr/lib/system/libkeymgr.dylib
0x00007fff6d607000 	/usr/lib/system/liblaunch.dylib
0x00007fff6d608000 	/usr/lib/system/libmacho.dylib
0x00007fff6d60e000 	/usr/lib/system/libquarantine.dylib
0x00007fff6d611000 	/usr/lib/system/libremovefile.dylib
0x00007fff6d613000 	/usr/lib/system/libsystem_asl.dylib
0x00007fff6d62b000 	/usr/lib/system/libsystem_blocks.dylib
0x00007fff6d62c000 	/usr/lib/system/libsystem_c.dylib
0x00007fff6d6b5000 	/usr/lib/system/libsystem_configuration.dylib
0x00007fff6d6b9000 	/usr/lib/system/libsystem_coreservices.dylib
0x00007fff6d6bd000 	/usr/lib/system/libsystem_darwin.dylib
0x00007fff6d6c4000 	/usr/lib/system/libsystem_dnssd.dylib
0x00007fff6d6cb000 	/usr/lib/system/libsystem_info.dylib
0x00007fff6d740000 	/usr/lib/system/libsystem_m.dylib
0x00007fff6d78c000 	/usr/lib/system/libsystem_malloc.dylib
0x00007fff6d7b1000 	/usr/lib/system/libsystem_networkextension.dylib
0x00007fff6d7bd000 	/usr/lib/system/libsystem_notify.dylib
0x00007fff6d7da000 	/usr/lib/system/libsystem_sandbox.dylib
0x00007fff6d7de000 	/usr/lib/system/libsystem_secinit.dylib
0x00007fff6d718000 	/usr/lib/system/libsystem_kernel.dylib
0x00007fff6d7c5000 	/usr/lib/system/libsystem_platform.dylib
0x00007fff6d7cf000 	/usr/lib/system/libsystem_pthread.dylib
0x00007fff6d7e1000 	/usr/lib/system/libsystem_symptoms.dylib
0x00007fff6d7e9000 	/usr/lib/system/libsystem_trace.dylib
0x00007fff6d800000 	/usr/lib/system/libunwind.dylib
0x00007fff6d806000 	/usr/lib/system/libxpc.dylib
0x00007fff6ac8f000 	/usr/lib/libbsm.0.dylib
0x00007fff6d5fa000 	/usr/lib/system/libkxld.dylib
0x00007fff50cc3000 	/System/Library/PrivateFrameworks/AppleFSCompression.framework/Versions/A/AppleFSCompression
0x00007fff6a914000 	/usr/lib/libOpenScriptingUtil.dylib
0x00007fff6aff2000 	/usr/lib/libcoretls.dylib
0x00007fff6b009000 	/usr/lib/libcoretls_cfhelpers.dylib
0x00007fff6cc94000 	/usr/lib/libpam.2.dylib
0x00007fff6ce57000 	/usr/lib/libsqlite3.dylib
0x00007fff6d2bf000 	/usr/lib/libxar.1.dylib
0x00007fff6aca0000 	/usr/lib/libbz2.1.0.dylib
0x00007fff6bc1c000 	/usr/lib/liblzma.5.dylib
0x00007fff6c112000 	/usr/lib/libnetwork.dylib
0x00007fff6aaf4000 	/usr/lib/libapple_nghttp2.dylib
0x00007fff6cc9b000 	/usr/lib/libpcap.A.dylib
0x00007fff41a29000 	/System/Library/Frameworks/CoreServices.framework/Versions/A/Frameworks/FSEvents.framework/Versions/A/FSEvents
0x00007fff41705000 	/System/Library/Frameworks/CoreServices.framework/Versions/A/Frameworks/CarbonCore.framework/Versions/A/CarbonCore
0x00007fff41bfe000 	/System/Library/Frameworks/CoreServices.framework/Versions/A/Frameworks/Metadata.framework/Versions/A/Metadata
0x00007fff41ca1000 	/System/Library/Frameworks/CoreServices.framework/Versions/A/Frameworks/OSServices.framework/Versions/A/OSServices
0x00007fff41ced000 	/System/Library/Frameworks/CoreServices.framework/Versions/A/Frameworks/SearchKit.framework/Versions/A/SearchKit
0x00007fff41686000 	/System/Library/Frameworks/CoreServices.framework/Versions/A/Frameworks/AE.framework/Versions/A/AE
0x00007fff41a32000 	/System/Library/Frameworks/CoreServices.framework/Versions/A/Frameworks/LaunchServices.framework/Versions/A/LaunchServices
0x00007fff419de000 	/System/Library/Frameworks/CoreServices.framework/Versions/A/Frameworks/DictionaryServices.framework/Versions/A/DictionaryServices
0x00007fff41d5c000 	/System/Library/Frameworks/CoreServices.framework/Versions/A/Frameworks/SharedFileList.framework/Versions/A/SharedFileList
0x00007fff464cf000 	/System/Library/Frameworks/NetFS.framework/Versions/A/NetFS
0x00007fff5fe9a000 	/System/Library/PrivateFrameworks/NetAuth.framework/Versions/A/NetAuth
0x00007fff6a310000 	/System/Library/PrivateFrameworks/login.framework/Versions/A/Frameworks/loginsupport.framework/Versions/A/loginsupport
0x00007fff68323000 	/System/Library/PrivateFrameworks/TCC.framework/Versions/A/TCC
0x00007fff549df000 	/System/Library/PrivateFrameworks/CoreNLP.framework/Versions/A/CoreNLP
0x00007fff5f8ef000 	/System/Library/PrivateFrameworks/MetadataUtilities.framework/Versions/A/MetadataUtilities
0x00007fff6bcfd000 	/usr/lib/libmecabra.dylib
0x00007fff3e7b0000 	/System/Library/Frameworks/ApplicationServices.framework/Versions/A/Frameworks/ATS.framework/Versions/A/ATS
0x00007fff3eb1b000 	/System/Library/Frameworks/ApplicationServices.framework/Versions/A/Frameworks/ColorSyncLegacy.framework/Versions/A/ColorSyncLegacy
0x00007fff3ebbc000 	/System/Library/Frameworks/ApplicationServices.framework/Versions/A/Frameworks/HIServices.framework/Versions/A/HIServices
0x00007fff3ec0f000 	/System/Library/Frameworks/ApplicationServices.framework/Versions/A/Frameworks/LangAnalysis.framework/Versions/A/LangAnalysis
0x00007fff3ec1e000 	/System/Library/Frameworks/ApplicationServices.framework/Versions/A/Frameworks/PrintCore.framework/Versions/A/PrintCore
0x00007fff3ec6b000 	/System/Library/Frameworks/ApplicationServices.framework/Versions/A/Frameworks/QD.framework/Versions/A/QD
0x00007fff3eca7000 	/System/Library/Frameworks/ApplicationServices.framework/Versions/A/Frameworks/SpeechSynthesis.framework/Versions/A/SpeechSynthesis
0x00007fff6ad2f000 	/usr/lib/libcompression.dylib
0x00007fff402de000 	/System/Library/Frameworks/CoreDisplay.framework/Versions/A/CoreDisplay
0x00007fff452d0000 	/System/Library/Frameworks/MetalPerformanceShaders.framework/Versions/A/MetalPerformanceShaders
0x00007fff3c710000 	/System/Library/Frameworks/Accelerate.framework/Versions/A/Frameworks/vImage.framework/Versions/A/vImage
0x00007fff3d78c000 	/System/Library/Frameworks/Accelerate.framework/Versions/A/Frameworks/vecLib.framework/Versions/A/vecLib
0x00007fff3d6d6000 	/System/Library/Frameworks/Accelerate.framework/Versions/A/Frameworks/vecLib.framework/Versions/A/libvMisc.dylib
0x00007fff3d4f1000 	/System/Library/Frameworks/Accelerate.framework/Versions/A/Frameworks/vecLib.framework/Versions/A/libvDSP.dylib
0x00007fff3cdb1000 	/System/Library/Frameworks/Accelerate.framework/Versions/A/Frameworks/vecLib.framework/Versions/A/libBLAS.dylib
0x00007fff3d09c000 	/System/Library/Frameworks/Accelerate.framework/Versions/A/Frameworks/vecLib.framework/Versions/A/libLAPACK.dylib
0x00007fff3d443000 	/System/Library/Frameworks/Accelerate.framework/Versions/A/Frameworks/vecLib.framework/Versions/A/libLinearAlgebra.dylib
0x00007fff3d4dd000 	/System/Library/Frameworks/Accelerate.framework/Versions/A/Frameworks/vecLib.framework/Versions/A/libSparseBLAS.dylib
0x00007fff3d459000 	/System/Library/Frameworks/Accelerate.framework/Versions/A/Frameworks/vecLib.framework/Versions/A/libQuadrature.dylib
0x00007fff3d029000 	/System/Library/Frameworks/Accelerate.framework/Versions/A/Frameworks/vecLib.framework/Versions/A/libBNNS.dylib
0x00007fff3d45f000 	/System/Library/Frameworks/Accelerate.framework/Versions/A/Frameworks/vecLib.framework/Versions/A/libSparse.dylib
0x00007fff5beec000 	/System/Library/PrivateFrameworks/GPUWrangler.framework/Versions/A/GPUWrangler
0x00007fff5e318000 	/System/Library/PrivateFrameworks/IOAccelerator.framework/Versions/A/IOAccelerator
0x00007fff5e323000 	/System/Library/PrivateFrameworks/IOPresentment.framework/Versions/A/IOPresentment
0x00007fff557cd000 	/System/Library/PrivateFrameworks/DSExternalDisplay.framework/Versions/A/DSExternalDisplay
0x00007fff49983000 	/System/Library/Frameworks/OpenGL.framework/Versions/A/Libraries/libCoreFSCache.dylib
0x00007fff450b8000 	/System/Library/Frameworks/MetalPerformanceShaders.framework/Frameworks/MPSCore.framework/Versions/A/MPSCore
0x00007fff450d9000 	/System/Library/Frameworks/MetalPerformanceShaders.framework/Frameworks/MPSImage.framework/Versions/A/MPSImage
0x00007fff45181000 	/System/Library/Frameworks/MetalPerformanceShaders.framework/Frameworks/MPSNeuralNetwork.framework/Versions/A/MPSNeuralNetwork
0x00007fff45158000 	/System/Library/Frameworks/MetalPerformanceShaders.framework/Frameworks/MPSMatrix.framework/Versions/A/MPSMatrix
0x00007fff452b4000 	/System/Library/Frameworks/MetalPerformanceShaders.framework/Frameworks/MPSRayIntersector.framework/Versions/A/MPSRayIntersector
0x00007fff5f918000 	/System/Library/PrivateFrameworks/MetalTools.framework/Versions/A/MetalTools
0x00007fff503be000 	/System/Library/PrivateFrameworks/AggregateDictionary.framework/Versions/A/AggregateDictionary
0x00007fff6a8f4000 	/usr/lib/libMobileGestalt.dylib
0x00007fff4222e000 	/System/Library/Frameworks/CoreVideo.framework/Versions/A/CoreVideo
0x00007fff5cd57000 	/System/Library/PrivateFrameworks/GraphVisualizer.framework/Versions/A/GraphVisualizer
0x00007fff56afc000 	/System/Library/PrivateFrameworks/FaceCore.framework/Versions/A/FaceCore
0x00007fff48f9b000 	/System/Library/Frameworks/OpenCL.framework/Versions/A/OpenCL
0x00007fff6a6db000 	/usr/lib/libFosl_dynamic.dylib
0x00007fff60770000 	/System/Library/PrivateFrameworks/OTSVG.framework/Versions/A/OTSVG
0x00007fff3e8b4000 	/System/Library/Frameworks/ApplicationServices.framework/Versions/A/Frameworks/ATS.framework/Versions/A/Resources/libFontParser.dylib
0x00007fff3e9d4000 	/System/Library/Frameworks/ApplicationServices.framework/Versions/A/Frameworks/ATS.framework/Versions/A/Resources/libFontRegistry.dylib
0x00007fff431c1000 	/System/Library/Frameworks/ImageIO.framework/Versions/A/Resources/libJPEG.dylib
0x00007fff434e3000 	/System/Library/Frameworks/ImageIO.framework/Versions/A/Resources/libTIFF.dylib
0x00007fff434b9000 	/System/Library/Frameworks/ImageIO.framework/Versions/A/Resources/libPng.dylib
0x00007fff430d6000 	/System/Library/Frameworks/ImageIO.framework/Versions/A/Resources/libGIF.dylib
0x00007fff430db000 	/System/Library/Frameworks/ImageIO.framework/Versions/A/Resources/libJP2.dylib
0x00007fff434e0000 	/System/Library/Frameworks/ImageIO.framework/Versions/A/Resources/libRadiance.dylib
0x00007fff50e1c000 	/System/Library/PrivateFrameworks/AppleJPEG.framework/Versions/A/AppleJPEG
0x00007fff4998e000 	/System/Library/Frameworks/OpenGL.framework/Versions/A/Libraries/libGFXShared.dylib
0x00007fff49b51000 	/System/Library/Frameworks/OpenGL.framework/Versions/A/Libraries/libGLU.dylib
0x00007fff49997000 	/System/Library/Frameworks/OpenGL.framework/Versions/A/Libraries/libGL.dylib
0x00007fff499a3000 	/System/Library/Frameworks/OpenGL.framework/Versions/A/Libraries/libGLImage.dylib
0x00007fff49980000 	/System/Library/Frameworks/OpenGL.framework/Versions/A/Libraries/libCVMSPluginSupport.dylib
0x00007fff49989000 	/System/Library/Frameworks/OpenGL.framework/Versions/A/Libraries/libCoreVMClient.dylib
0x00007fff6b681000 	/usr/lib/libcups.2.dylib
0x00007fff445ce000 	/System/Library/Frameworks/Kerberos.framework/Versions/A/Kerberos
0x00007fff42b8c000 	/System/Library/Frameworks/GSS.framework/Versions/A/GSS
0x00007fff6cdeb000 	/usr/lib/libresolv.9.dylib
0x00007fff6b878000 	/usr/lib/libiconv.2.dylib
0x00007fff5ceb7000 	/System/Library/PrivateFrameworks/Heimdal.framework/Versions/A/Heimdal
0x00007fff6b847000 	/usr/lib/libheimdal-asn1.dylib
0x00007fff49011000 	/System/Library/Frameworks/OpenDirectory.framework/Versions/A/OpenDirectory
0x00007fff536da000 	/System/Library/PrivateFrameworks/CommonAuth.framework/Versions/A/CommonAuth
0x00007fff48ff4000 	/System/Library/Frameworks/OpenDirectory.framework/Versions/A/Frameworks/CFOpenDirectory.framework/Versions/A/CFOpenDirectory
0x00007fff4c176000 	/System/Library/Frameworks/SecurityFoundation.framework/Versions/A/SecurityFoundation
0x00007fff4f8cf000 	/System/Library/PrivateFrameworks/APFS.framework/Versions/A/APFS
0x00007fff6d2bb000 	/usr/lib/libutil.dylib
0x00007fff6ad1d000 	/usr/lib/libcharset.1.dylib
0x00007fff510b7000 	/System/Library/PrivateFrameworks/AppleSauce.framework/Versions/A/AppleSauce
0x00007fff51245000 	/System/Library/PrivateFrameworks/AssertionServices.framework/Versions/A/AssertionServices
0x00007fff51ab8000 	/System/Library/PrivateFrameworks/BaseBoard.framework/Versions/A/BaseBoard
0x00007fff6bc4c000 	/usr/lib/libmecab.1.0.0.dylib
0x00007fff6b841000 	/usr/lib/libgermantok.dylib
0x00007fff6aae0000 	/usr/lib/libThaiTokenizer.dylib
0x00007fff6a607000 	/usr/lib/libChineseTokenizer.dylib
0x00007fff5ea4d000 	/System/Library/PrivateFrameworks/LanguageModeling.framework/Versions/A/LanguageModeling
0x00007fff543f5000 	/System/Library/PrivateFrameworks/CoreEmoji.framework/Versions/A/CoreEmoji
0x00007fff5eb45000 	/System/Library/PrivateFrameworks/Lexicon.framework/Versions/A/Lexicon
0x00007fff5eb8d000 	/System/Library/PrivateFrameworks/LinguisticData.framework/Versions/A/LinguisticData
0x00007fff6ad1e000 	/usr/lib/libcmph.dylib
0x00007fff4c237000 	/System/Library/Frameworks/ServiceManagement.framework/Versions/A/ServiceManagement
0x00007fff51a0b000 	/System/Library/PrivateFrameworks/BackgroundTaskManagement.framework/Versions/A/BackgroundTaskManagement
0x00007fff6d3b5000 	/usr/lib/libxslt.1.dylib
0x00007fff3f9a3000 	/System/Library/Frameworks/Carbon.framework/Versions/A/Frameworks/Ink.framework/Versions/A/Ink
0x00007fff685a2000 	/System/Library/PrivateFrameworks/TextureIO.framework/Versions/A/TextureIO
0x00007fff6ab35000 	/usr/lib/libate.dylib
0x00007fff55729000 	/System/Library/PrivateFrameworks/CrashReporterSupport.framework/Versions/A/CrashReporterSupport
0x00007fff655ce000 	/System/Library/PrivateFrameworks/Sharing.framework/Versions/A/Sharing
0x00007fff51597000 	/System/Library/PrivateFrameworks/AuthKit.framework/Versions/A/AuthKit
0x00007fff509bb000 	/System/Library/PrivateFrameworks/Apple80211.framework/Versions/A/Apple80211
0x00007fff554e9000 	/System/Library/PrivateFrameworks/CoreUtils.framework/Versions/A/CoreUtils
0x00007fff4226c000 	/System/Library/Frameworks/CoreWLAN.framework/Versions/A/CoreWLAN
0x00007fff42cd6000 	/System/Library/Frameworks/IOBluetooth.framework/Versions/A/IOBluetooth
0x00007fff638fb000 	/System/Library/PrivateFrameworks/ProtocolBuffer.framework/Versions/A/ProtocolBuffer
0x00007fff5fb54000 	/System/Library/PrivateFrameworks/MobileKeyBag.framework/Versions/A/MobileKeyBag
0x00007fff54d0c000 	/System/Library/PrivateFrameworks/CorePhoneNumbers.framework/Versions/A/CorePhoneNumbers
0x00007fff50dd0000 	/System/Library/PrivateFrameworks/AppleIDAuthSupport.framework/Versions/A/AppleIDAuthSupport
0x00007fff5ea1f000 	/System/Library/PrivateFrameworks/KeychainCircle.framework/Versions/A/KeychainCircle
0x00007fff63ac8000 	/System/Library/PrivateFrameworks/ROCKit.framework/Versions/A/ROCKit
0x00007fff556c5000 	/System/Library/PrivateFrameworks/CoreWiFi.framework/Versions/A/CoreWiFi
0x00007fff3ff10000 	/System/Library/Frameworks/CoreBluetooth.framework/Versions/A/CoreBluetooth
0x00007fff55919000 	/System/Library/PrivateFrameworks/DebugSymbols.framework/Versions/A/DebugSymbols
0x00007fff5529e000 	/System/Library/PrivateFrameworks/CoreSymbolication.framework/Versions/A/CoreSymbolication
0x00007fff67d8d000 	/System/Library/PrivateFrameworks/Symbolication.framework/Versions/A/Symbolication
0x00007fff66f20000 	/System/Library/PrivateFrameworks/SpeechRecognitionCore.framework/Versions/A/SpeechRecognitionCore
0x0000000104493000 	/Library/Java/JavaVirtualMachines/jdk-9.0.4.jdk/Contents/Home/lib/server/libjvm.dylib
0x00007fff6d17f000 	/usr/lib/libstdc++.6.dylib
0x0000000105136000 	/Library/Java/JavaVirtualMachines/jdk-9.0.4.jdk/Contents/Home/lib/libverify.dylib
0x0000000105143000 	/Library/Java/JavaVirtualMachines/jdk-9.0.4.jdk/Contents/Home/lib/libjava.dylib
0x0000000105179000 	/Library/Java/JavaVirtualMachines/jdk-9.0.4.jdk/Contents/Home/lib/libjdwp.dylib
0x00000001051b6000 	/Library/Java/JavaVirtualMachines/jdk-9.0.4.jdk/Contents/Home/lib/libinstrument.dylib
0x00000001051da000 	/Library/Java/JavaVirtualMachines/jdk-9.0.4.jdk/Contents/Home/lib/libzip.dylib
0x00000001051e2000 	/Library/Java/JavaVirtualMachines/jdk-9.0.4.jdk/Contents/Home/lib/libjimage.dylib
0x000000010dde3000 	/Library/Java/JavaVirtualMachines/jdk-9.0.4.jdk/Contents/Home/lib/libnio.dylib
0x000000010ddf3000 	/Library/Java/JavaVirtualMachines/jdk-9.0.4.jdk/Contents/Home/lib/./libnet.dylib
0x000000010deb4000 	/Library/Java/JavaVirtualMachines/jdk-9.0.4.jdk/Contents/Home/lib/libdt_socket.dylib

VM Arguments:
jvm_args: -agentlib:jdwp=transport=dt_socket,address=127.0.0.1:62001,suspend=y,server=n -javaagent:/Users/sijiagao/Library/Caches/IntelliJIdea2018.1/captureAgent/debugger-agent.jar=file:/private/var/folders/z_/4z8czw2x229cn649kgnj7jz80000gn/T/capture.props -Dfile.encoding=ISO-8859-1 
java_command: Tester
java_class_path (initial): /Users/sijiagao/IdeaProjects/sjsu.Gao.cs146.project3/out/production/sjsu.Gao.cs146.project3:/Applications/IntelliJ IDEA.app/Contents/lib/junit-4.12.jar:/Applications/IntelliJ IDEA.app/Contents/lib/hamcrest-core-1.3.jar:/Applications/IntelliJ IDEA.app/Contents/lib/idea_rt.jar
Launcher Type: SUN_STANDARD

Logging:
Log output configuration:
#0: stdout all=warning uptime,level,tags
#1: stderr all=off uptime,level,tags

Environment Variables:
PATH=/Library/Frameworks/Python.framework/Versions/3.6/bin:/Library/Frameworks/Python.framework/Versions/3.6/bin:/Users/sijiagao/.nvm/versions/node/v6.11.5/bin:/Applications/MAMP/bin/php/php7.0.22/bin:/usr/local/bin:/usr/bin:/bin:/usr/sbin:/sbin:/usr/local/mysql/bin/
SHELL=/bin/bash

Signal Handlers:
SIGSEGV: [libjvm.dylib+0x73f3dc], sa_mask[0]=11111111011111110111111111111111, sa_flags=SA_ONSTACK|SA_RESTART|SA_SIGINFO
SIGBUS: [libjvm.dylib+0x73f3dc], sa_mask[0]=11111111011111110111111111111111, sa_flags=SA_RESTART|SA_SIGINFO
SIGFPE: [libjvm.dylib+0x73f3dc], sa_mask[0]=11111111011111110111111111111111, sa_flags=SA_RESTART|SA_SIGINFO
SIGPIPE: [libjvm.dylib+0x5f233c], sa_mask[0]=11111111011111110111111111111111, sa_flags=SA_RESTART|SA_SIGINFO
SIGXFSZ: [libjvm.dylib+0x5f233c], sa_mask[0]=11111111011111110111111111111111, sa_flags=SA_RESTART|SA_SIGINFO
SIGILL: [libjvm.dylib+0x73f3dc], sa_mask[0]=11111111011111110111111111111111, sa_flags=SA_RESTART|SA_SIGINFO
SIGUSR2: [libjvm.dylib+0x5f2bcc], sa_mask[0]=00100000000000000000000000000000, sa_flags=SA_RESTART|SA_SIGINFO
SIGHUP: [libjvm.dylib+0x5f1409], sa_mask[0]=11111111011111110111111111111111, sa_flags=SA_RESTART|SA_SIGINFO
SIGINT: [libjvm.dylib+0x5f1409], sa_mask[0]=11111111011111110111111111111111, sa_flags=SA_RESTART|SA_SIGINFO
SIGTERM: [libjvm.dylib+0x5f1409], sa_mask[0]=11111111011111110111111111111111, sa_flags=SA_RESTART|SA_SIGINFO
SIGQUIT: [libjvm.dylib+0x5f1409], sa_mask[0]=11111111011111110111111111111111, sa_flags=SA_RESTART|SA_SIGINFO


---------------  S Y S T E M  ---------------

OS:uname:Darwin 18.2.0 Darwin Kernel Version 18.2.0: Fri Oct  5 19:41:49 PDT 2018; root:xnu-4903.221.2~2/RELEASE_X86_64 x86_64
rlimit: STACK 8192k, CORE 0k, NPROC 709, NOFILE 10240, AS infinity
load average:5.21 3.79 3.16

CPU:total 4 (initial active 4) (2 cores per cpu, 2 threads per core) family 6 model 69 stepping 1, cmov, cx8, fxsr, mmx, sse, sse2, sse3, ssse3, sse4.1, sse4.2, popcnt, avx, avx2, aes, clmul, erms, lzcnt, ht, tsc, tscinvbit, bmi1, bmi2, fma

Memory: 4k page, physical 8388608k(163380k free)

vm_info: Java HotSpot(TM) 64-Bit Server VM (9.0.4+11) for bsd-amd64 JRE (9.0.4+11), built on Dec 20 2017 02:08:50 by "mach5one" with gcc 4.2.1 Compatible Apple LLVM 6.1.0 (clang-602.0.49)

END.
